# JRE version: OpenJDK Runtime Environment Temurin-21.0.10+7 (21.0.10+7) (build 21.0.10+7-LTS)
# Java VM: OpenJDK 64-Bit Server VM Temurin-21.0.10+7 (21.0.10+7-LTS, mixed mode, sharing, tiered, compressed oops, compressed class ptrs, parallel gc, windows-amd64)
GC Precious Log:
 CardTable entry size: 512
 CPUs: 16 total, 16 available
 Memory: 7860M
 Large Page Support: Disabled
 NUMA Support: Disabled
 Compressed Oops: Enabled (32-bit)
 Alignments: Space 512K, Generation 512K, Heap 2M
 Heap Min Capacity: 100M
 Heap Initial Capacity: 100M
 Heap Max Capacity: 2G
 Pre-touch: Disabled
 Parallel Workers: 13
Heap:
 PSYoungGen      total 3072K, used 824K [0x00000000d5580000, 0x00000000d5b80000, 0x0000000100000000)
  eden space 2560K, 18% used [0x00000000d5580000,0x00000000d55f6240,0x00000000d5800000)
  from space 512K, 68% used [0x00000000d5b00000,0x00000000d5b58000,0x00000000d5b80000)
  to   space 512K, 0% used [0x00000000d5a80000,0x00000000d5a80000,0x00000000d5b00000)
 ParOldGen       total 404480K, used 274699K [0x0000000080000000, 0x0000000098b00000, 0x00000000d5580000)
  object space 404480K, 67% used [0x0000000080000000,0x0000000090c42c40,0x0000000098b00000)
 Metaspace       used 60508K, committed 61760K, reserved 1114112K
  class space    used 6377K, committed 6848K, reserved 1048576K
GC Heap History (20 events):
Event: 1418.160 GC heap before
{Heap before GC invocations=364 (full 3):
 PSYoungGen      total 3072K, used 2976K [0x00000000d5580000, 0x00000000d5b80000, 0x0000000100000000)
  eden space 2560K, 100% used [0x00000000d5580000,0x00000000d5800000,0x00000000d5800000)
  from space 512K, 81% used [0x00000000d5b00000,0x00000000d5b68000,0x00000000d5b80000)
  to   space 512K, 0% used [0x00000000d5a80000,0x00000000d5a80000,0x00000000d5b00000)
 ParOldGen       total 404480K, used 274043K [0x0000000080000000, 0x0000000098b00000, 0x00000000d5580000)
  object space 404480K, 67% used [0x0000000080000000,0x0000000090b9ec40,0x0000000098b00000)
 Metaspace       used 60227K, committed 61440K, reserved 1114112K
  class space    used 6377K, committed 6848K, reserved 1048576K
}
Event: 1418.172 GC heap after
{Heap after GC invocations=364 (full 3):
 PSYoungGen      total 3072K, used 416K [0x00000000d5580000, 0x00000000d5b80000, 0x0000000100000000)
  eden space 2560K, 0% used [0x00000000d5580000,0x00000000d5580000,0x00000000d5800000)
  from space 512K, 81% used [0x00000000d5a80000,0x00000000d5ae8000,0x00000000d5b00000)
  to   space 512K, 0% used [0x00000000d5b00000,0x00000000d5b00000,0x00000000d5b80000)
 ParOldGen       total 404480K, used 274107K [0x0000000080000000, 0x0000000098b00000, 0x00000000d5580000)
  object space 404480K, 67% used [0x0000000080000000,0x0000000090baec40,0x0000000098b00000)
 Metaspace       used 60227K, committed 61440K, reserved 1114112K
  class space    used 6377K, committed 6848K, reserved 1048576K
}
Event: 1440.162 GC heap before
{Heap before GC invocations=365 (full 3):
 PSYoungGen      total 3072K, used 2976K [0x00000000d5580000, 0x00000000d5b80000, 0x0000000100000000)
  eden space 2560K, 100% used [0x00000000d5580000,0x00000000d5800000,0x00000000d5800000)
  from space 512K, 81% used [0x00000000d5a80000,0x00000000d5ae8000,0x00000000d5b00000)
  to   space 512K, 0% used [0x00000000d5b00000,0x00000000d5b00000,0x00000000d5b80000)
 ParOldGen       total 404480K, used 274107K [0x0000000080000000, 0x0000000098b00000, 0x00000000d5580000)
  object space 404480K, 67% used [0x0000000080000000,0x0000000090baec40,0x0000000098b00000)
 Metaspace       used 60268K, committed 61504K, reserved 1114112K
  class space    used 6377K, committed 6848K, reserved 1048576K
}
Event: 1440.166 GC heap after
{Heap after GC invocations=365 (full 3):
 PSYoungGen      total 3072K, used 224K [0x00000000d5580000, 0x00000000d5b80000, 0x0000000100000000)
  eden space 2560K, 0% used [0x00000000d5580000,0x00000000d5580000,0x00000000d5800000)
  from space 512K, 43% used [0x00000000d5b00000,0x00000000d5b38000,0x00000000d5b80000)
  to   space 512K, 0% used [0x00000000d5a80000,0x00000000d5a80000,0x00000000d5b00000)
 ParOldGen       total 404480K, used 274195K [0x0000000080000000, 0x0000000098b00000, 0x00000000d5580000)
  object space 404480K, 67% used [0x0000000080000000,0x0000000090bc4c40,0x0000000098b00000)
 Metaspace       used 60268K, committed 61504K, reserved 1114112K
  class space    used 6377K, committed 6848K, reserved 1048576K
}
Event: 1504.846 GC heap before
{Heap before GC invocations=366 (full 3):
 PSYoungGen      total 3072K, used 2784K [0x00000000d5580000, 0x00000000d5b80000, 0x0000000100000000)
  eden space 2560K, 100% used [0x00000000d5580000,0x00000000d5800000,0x00000000d5800000)
  from space 512K, 43% used [0x00000000d5b00000,0x00000000d5b38000,0x00000000d5b80000)
  to   space 512K, 0% used [0x00000000d5a80000,0x00000000d5a80000,0x00000000d5b00000)
 ParOldGen       total 404480K, used 274195K [0x0000000080000000, 0x0000000098b00000, 0x00000000d5580000)
  object space 404480K, 67% used [0x0000000080000000,0x0000000090bc4c40,0x0000000098b00000)
 Metaspace       used 60423K, committed 61696K, reserved 1114112K
  class space    used 6377K, committed 6848K, reserved 1048576K
}
Event: 1504.848 GC heap after
{Heap after GC invocations=366 (full 3):
 PSYoungGen      total 3072K, used 320K [0x00000000d5580000, 0x00000000d5b80000, 0x0000000100000000)
  eden space 2560K, 0% used [0x00000000d5580000,0x00000000d5580000,0x00000000d5800000)
  from space 512K, 62% used [0x00000000d5a80000,0x00000000d5ad0000,0x00000000d5b00000)
  to   space 512K, 0% used [0x00000000d5b00000,0x00000000d5b00000,0x00000000d5b80000)
 ParOldGen       total 404480K, used 274243K [0x0000000080000000, 0x0000000098b00000, 0x00000000d5580000)
  object space 404480K, 67% used [0x0000000080000000,0x0000000090bd0c40,0x0000000098b00000)
 Metaspace       used 60423K, committed 61696K, reserved 1114112K
  class space    used 6377K, committed 6848K, reserved 1048576K
}
Event: 1520.412 GC heap before
{Heap before GC invocations=367 (full 3):
 PSYoungGen      total 3072K, used 2880K [0x00000000d5580000, 0x00000000d5b80000, 0x0000000100000000)
  eden space 2560K, 100% used [0x00000000d5580000,0x00000000d5800000,0x00000000d5800000)
  from space 512K, 62% used [0x00000000d5a80000,0x00000000d5ad0000,0x00000000d5b00000)
  to   space 512K, 0% used [0x00000000d5b00000,0x00000000d5b00000,0x00000000d5b80000)
 ParOldGen       total 404480K, used 274243K [0x0000000080000000, 0x0000000098b00000, 0x00000000d5580000)
  object space 404480K, 67% used [0x0000000080000000,0x0000000090bd0c40,0x0000000098b00000)
 Metaspace       used 60459K, committed 61696K, reserved 1114112K
  class space    used 6377K, committed 6848K, reserved 1048576K
}
Event: 1520.414 GC heap after
{Heap after GC invocations=367 (full 3):
 PSYoungGen      total 3072K, used 320K [0x00000000d5580000, 0x00000000d5b80000, 0x0000000100000000)
  eden space 2560K, 0% used [0x00000000d5580000,0x00000000d5580000,0x00000000d5800000)
  from space 512K, 62% used [0x00000000d5b00000,0x00000000d5b50000,0x00000000d5b80000)
  to   space 512K, 0% used [0x00000000d5a80000,0x00000000d5a80000,0x00000000d5b00000)
 ParOldGen       total 404480K, used 274347K [0x0000000080000000, 0x0000000098b00000, 0x00000000d5580000)
  object space 404480K, 67% used [0x0000000080000000,0x0000000090beac40,0x0000000098b00000)
 Metaspace       used 60459K, committed 61696K, reserved 1114112K
  class space    used 6377K, committed 6848K, reserved 1048576K
}
Event: 1533.294 GC heap before
{Heap before GC invocations=368 (full 3):
 PSYoungGen      total 3072K, used 2879K [0x00000000d5580000, 0x00000000d5b80000, 0x0000000100000000)
  eden space 2560K, 99% used [0x00000000d5580000,0x00000000d57ffff0,0x00000000d5800000)
  from space 512K, 62% used [0x00000000d5b00000,0x00000000d5b50000,0x00000000d5b80000)
  to   space 512K, 0% used [0x00000000d5a80000,0x00000000d5a80000,0x00000000d5b00000)
 ParOldGen       total 404480K, used 274347K [0x0000000080000000, 0x0000000098b00000, 0x00000000d5580000)
  object space 404480K, 67% used [0x0000000080000000,0x0000000090beac40,0x0000000098b00000)
 Metaspace       used 60463K, committed 61696K, reserved 1114112K
  class space    used 6377K, committed 6848K, reserved 1048576K
}
Event: 1533.296 GC heap after
{Heap after GC invocations=368 (full 3):
 PSYoungGen      total 3072K, used 288K [0x00000000d5580000, 0x00000000d5b80000, 0x0000000100000000)
  eden space 2560K, 0% used [0x00000000d5580000,0x00000000d5580000,0x00000000d5800000)
  from space 512K, 56% used [0x00000000d5a80000,0x00000000d5ac8000,0x00000000d5b00000)
  to   space 512K, 0% used [0x00000000d5b00000,0x00000000d5b00000,0x00000000d5b80000)
 ParOldGen       total 404480K, used 274379K [0x0000000080000000, 0x0000000098b00000, 0x00000000d5580000)
  object space 404480K, 67% used [0x0000000080000000,0x0000000090bf2c40,0x0000000098b00000)
 Metaspace       used 60463K, committed 61696K, reserved 1114112K
  class space    used 6377K, committed 6848K, reserved 1048576K
}
Event: 1560.977 GC heap before
{Heap before GC invocations=369 (full 3):
 PSYoungGen      total 3072K, used 2848K [0x00000000d5580000, 0x00000000d5b80000, 0x0000000100000000)
  eden space 2560K, 100% used [0x00000000d5580000,0x00000000d5800000,0x00000000d5800000)
  from space 512K, 56% used [0x00000000d5a80000,0x00000000d5ac8000,0x00000000d5b00000)
  to   space 512K, 0% used [0x00000000d5b00000,0x00000000d5b00000,0x00000000d5b80000)
 ParOldGen       total 404480K, used 274379K [0x0000000080000000, 0x0000000098b00000, 0x00000000d5580000)
  object space 404480K, 67% used [0x0000000080000000,0x0000000090bf2c40,0x0000000098b00000)
 Metaspace       used 60463K, committed 61696K, reserved 1114112K
  class space    used 6377K, committed 6848K, reserved 1048576K
}
Event: 1560.980 GC heap after
{Heap after GC invocations=369 (full 3):
 PSYoungGen      total 3072K, used 288K [0x00000000d5580000, 0x00000000d5b80000, 0x0000000100000000)
  eden space 2560K, 0% used [0x00000000d5580000,0x00000000d5580000,0x00000000d5800000)
  from space 512K, 56% used [0x00000000d5b00000,0x00000000d5b48000,0x00000000d5b80000)
  to   space 512K, 0% used [0x00000000d5a80000,0x00000000d5a80000,0x00000000d5b00000)
 ParOldGen       total 404480K, used 274483K [0x0000000080000000, 0x0000000098b00000, 0x00000000d5580000)
  object space 404480K, 67% used [0x0000000080000000,0x0000000090c0cc40,0x0000000098b00000)
 Metaspace       used 60463K, committed 61696K, reserved 1114112K
  class space    used 6377K, committed 6848K, reserved 1048576K
}
Event: 1575.700 GC heap before
{Heap before GC invocations=370 (full 3):
 PSYoungGen      total 3072K, used 2847K [0x00000000d5580000, 0x00000000d5b80000, 0x0000000100000000)
  eden space 2560K, 99% used [0x00000000d5580000,0x00000000d57ffff8,0x00000000d5800000)
  from space 512K, 56% used [0x00000000d5b00000,0x00000000d5b48000,0x00000000d5b80000)
  to   space 512K, 0% used [0x00000000d5a80000,0x00000000d5a80000,0x00000000d5b00000)
 ParOldGen       total 404480K, used 274483K [0x0000000080000000, 0x0000000098b00000, 0x00000000d5580000)
  object space 404480K, 67% used [0x0000000080000000,0x0000000090c0cc40,0x0000000098b00000)
 Metaspace       used 60463K, committed 61696K, reserved 1114112K
  class space    used 6377K, committed 6848K, reserved 1048576K
}
Event: 1575.713 GC heap after
{Heap after GC invocations=370 (full 3):
 PSYoungGen      total 3072K, used 352K [0x00000000d5580000, 0x00000000d5b80000, 0x0000000100000000)
  eden space 2560K, 0% used [0x00000000d5580000,0x00000000d5580000,0x00000000d5800000)
  from space 512K, 68% used [0x00000000d5a80000,0x00000000d5ad8000,0x00000000d5b00000)
  to   space 512K, 0% used [0x00000000d5b00000,0x00000000d5b00000,0x00000000d5b80000)
 ParOldGen       total 404480K, used 274531K [0x0000000080000000, 0x0000000098b00000, 0x00000000d5580000)
  object space 404480K, 67% used [0x0000000080000000,0x0000000090c18c40,0x0000000098b00000)
 Metaspace       used 60463K, committed 61696K, reserved 1114112K
  class space    used 6377K, committed 6848K, reserved 1048576K
}
Event: 1677.101 GC heap before
{Heap before GC invocations=371 (full 3):
 PSYoungGen      total 3072K, used 2912K [0x00000000d5580000, 0x00000000d5b80000, 0x0000000100000000)
  eden space 2560K, 100% used [0x00000000d5580000,0x00000000d5800000,0x00000000d5800000)
  from space 512K, 68% used [0x00000000d5a80000,0x00000000d5ad8000,0x00000000d5b00000)
  to   space 512K, 0% used [0x00000000d5b00000,0x00000000d5b00000,0x00000000d5b80000)
 ParOldGen       total 404480K, used 274531K [0x0000000080000000, 0x0000000098b00000, 0x00000000d5580000)
  object space 404480K, 67% used [0x0000000080000000,0x0000000090c18c40,0x0000000098b00000)
 Metaspace       used 60463K, committed 61696K, reserved 1114112K
  class space    used 6377K, committed 6848K, reserved 1048576K
}
Event: 1677.105 GC heap after
{Heap after GC invocations=371 (full 3):
 PSYoungGen      total 3072K, used 256K [0x00000000d5580000, 0x00000000d5b80000, 0x0000000100000000)
  eden space 2560K, 0% used [0x00000000d5580000,0x00000000d5580000,0x00000000d5800000)
  from space 512K, 50% used [0x00000000d5b00000,0x00000000d5b40000,0x00000000d5b80000)
  to   space 512K, 0% used [0x00000000d5a80000,0x00000000d5a80000,0x00000000d5b00000)
 ParOldGen       total 404480K, used 274563K [0x0000000080000000, 0x0000000098b00000, 0x00000000d5580000)
  object space 404480K, 67% used [0x0000000080000000,0x0000000090c20c40,0x0000000098b00000)
 Metaspace       used 60463K, committed 61696K, reserved 1114112K
  class space    used 6377K, committed 6848K, reserved 1048576K
}
Event: 1767.734 GC heap before
{Heap before GC invocations=372 (full 3):
 PSYoungGen      total 3072K, used 2816K [0x00000000d5580000, 0x00000000d5b80000, 0x0000000100000000)
  eden space 2560K, 100% used [0x00000000d5580000,0x00000000d5800000,0x00000000d5800000)
  from space 512K, 50% used [0x00000000d5b00000,0x00000000d5b40000,0x00000000d5b80000)
  to   space 512K, 0% used [0x00000000d5a80000,0x00000000d5a80000,0x00000000d5b00000)
 ParOldGen       total 404480K, used 274563K [0x0000000080000000, 0x0000000098b00000, 0x00000000d5580000)
  object space 404480K, 67% used [0x0000000080000000,0x0000000090c20c40,0x0000000098b00000)
 Metaspace       used 60463K, committed 61696K, reserved 1114112K
  class space    used 6377K, committed 6848K, reserved 1048576K
}
Event: 1767.735 GC heap after
{Heap after GC invocations=372 (full 3):
 PSYoungGen      total 3072K, used 416K [0x00000000d5580000, 0x00000000d5b80000, 0x0000000100000000)
  eden space 2560K, 0% used [0x00000000d5580000,0x00000000d5580000,0x00000000d5800000)
  from space 512K, 81% used [0x00000000d5a80000,0x00000000d5ae8000,0x00000000d5b00000)
  to   space 512K, 0% used [0x00000000d5b00000,0x00000000d5b00000,0x00000000d5b80000)
 ParOldGen       total 404480K, used 274659K [0x0000000080000000, 0x0000000098b00000, 0x00000000d5580000)
  object space 404480K, 67% used [0x0000000080000000,0x0000000090c38c40,0x0000000098b00000)
 Metaspace       used 60463K, committed 61696K, reserved 1114112K
  class space    used 6377K, committed 6848K, reserved 1048576K
}
Event: 8427.203 GC heap before
{Heap before GC invocations=373 (full 3):
 PSYoungGen      total 3072K, used 2975K [0x00000000d5580000, 0x00000000d5b80000, 0x0000000100000000)
  eden space 2560K, 99% used [0x00000000d5580000,0x00000000d57ffff8,0x00000000d5800000)
  from space 512K, 81% used [0x00000000d5a80000,0x00000000d5ae8000,0x00000000d5b00000)
  to   space 512K, 0% used [0x00000000d5b00000,0x00000000d5b00000,0x00000000d5b80000)
 ParOldGen       total 404480K, used 274659K [0x0000000080000000, 0x0000000098b00000, 0x00000000d5580000)
  object space 404480K, 67% used [0x0000000080000000,0x0000000090c38c40,0x0000000098b00000)
 Metaspace       used 60504K, committed 61760K, reserved 1114112K
  class space    used 6377K, committed 6848K, reserved 1048576K
}
Event: 8427.299 GC heap after
{Heap after GC invocations=373 (full 3):
 PSYoungGen      total 3072K, used 352K [0x00000000d5580000, 0x00000000d5b80000, 0x0000000100000000)
  eden space 2560K, 0% used [0x00000000d5580000,0x00000000d5580000,0x00000000d5800000)
  from space 512K, 68% used [0x00000000d5b00000,0x00000000d5b58000,0x00000000d5b80000)
  to   space 512K, 0% used [0x00000000d5a80000,0x00000000d5a80000,0x00000000d5b00000)
 ParOldGen       total 404480K, used 274699K [0x0000000080000000, 0x0000000098b00000, 0x00000000d5580000)
  object space 404480K, 67% used [0x0000000080000000,0x0000000090c42c40,0x0000000098b00000)
 Metaspace       used 60504K, committed 61760K, reserved 1114112K
  class space    used 6377K, committed 6848K, reserved 1048576K
}

